<?xml version="1.0" encoding="UTF-8"?>
<testsuite name="ValidParenthesisTest" tests="2" skipped="0" failures="0" errors="0" timestamp="2023-10-08T03:58:49" hostname="DESKTOP-7O7PGPC" time="0.012">
  <properties/>
  <testcase name="isNotValidTest()" classname="ValidParenthesisTest" time="0.011"/>
  <testcase name="isValidTest()" classname="ValidParenthesisTest" time="0.0"/>
  <system-out><![CDATA[]]></system-out>
  <system-err><![CDATA[]]></system-err>
</testsuite>
